[    0.000000] Linux version 4.15.0-111-generic (buildd@lcy01-amd64-011) (gcc version 7.5.0 (Ubuntu 7.5.0-3ubuntu1~18.04)) #112-Ubuntu SMP Thu Jul 9 20:32:34 UTC 2020 (Ubuntu 4.15.0-111.112-generic 4.15.18)
[    0.000000] Command line: BOOT_IMAGE=/boot/vmlinuz-4.15.0-111-generic root=LABEL=cloudimg-rootfs ro console=tty1 console=ttyS0
[    0.000000] KERNEL supported cpus:
[    0.000000]   Intel GenuineIntel
[    0.000000]   AMD AuthenticAMD
[    0.000000]   Centaur CentaurHauls
[    0.000000] x86/fpu: Supporting XSAVE feature 0x001: 'x87 floating point registers'
[    0.000000] x86/fpu: Supporting XSAVE feature 0x002: 'SSE registers'
[    0.000000] x86/fpu: Supporting XSAVE feature 0x004: 'AVX registers'
[    0.000000] x86/fpu: xstate_offset[2]:  576, xstate_sizes[2]:  256
[    0.000000] x86/fpu: Enabled xstate features 0x7, context size is 832 bytes, using 'standard' format.
[    0.000000] e820: BIOS-provided physical RAM map:
[    0.000000] BIOS-e820: [mem 0x0000000000000000-0x000000000009fbff] usable
[    0.000000] BIOS-e820: [mem 0x000000000009fc00-0x000000000009ffff] reserved
[    0.000000] BIOS-e820: [mem 0x00000000000f0000-0x00000000000fffff] reserved
[    0.000000] BIOS-e820: [mem 0x0000000000100000-0x000000007ffeffff] usable
[    0.000000] BIOS-e820: [mem 0x000000007fff0000-0x000000007fffffff] ACPI data
[    0.000000] BIOS-e820: [mem 0x00000000fec00000-0x00000000fec00fff] reserved
[    0.000000] BIOS-e820: [mem 0x00000000fee00000-0x00000000fee00fff] reserved
[    0.000000] BIOS-e820: [mem 0x00000000fffc0000-0x00000000ffffffff] reserved
[    0.000000] NX (Execute Disable) protection: active
[    0.000000] SMBIOS 2.5 present.
[    0.000000] DMI: innotek GmbH VirtualBox/VirtualBox, BIOS VirtualBox 12/01/2006
[    0.000000] Hypervisor detected: KVM
[    0.000000] e820: last_pfn = 0x7fff0 max_arch_pfn = 0x400000000
[    0.000000] MTRR: Disabled
[    0.000000] x86/PAT: MTRRs disabled, skipping PAT initialization too.
[    0.000000] CPU MTRRs all blank - virtualized system.
[    0.000000] x86/PAT: Configuration [0-7]: WB  WT  UC- UC  WB  WT  UC- UC  
[    0.000000] found SMP MP-table at [mem 0x0009fff0-0x0009ffff]
[    0.000000] Scanning 1 areas for low memory corruption
[    0.000000] RAMDISK: [mem 0x35a67000-0x36d2afff]
[    0.000000] ACPI: Early table checksum verification disabled
[    0.000000] ACPI: RSDP 0x00000000000E0000 000024 (v02 VBOX  )
[    0.000000] ACPI: XSDT 0x000000007FFF0030 00003C (v01 VBOX   VBOXXSDT 00000001 ASL  00000061)
[    0.000000] ACPI: FACP 0x000000007FFF00F0 0000F4 (v04 VBOX   VBOXFACP 00000001 ASL  00000061)
[    0.000000] ACPI: DSDT 0x000000007FFF0470 0022EA (v02 VBOX   VBOXBIOS 00000002 INTL 20100528)
[    0.000000] ACPI: FACS 0x000000007FFF0200 000040
[    0.000000] ACPI: FACS 0x000000007FFF0200 000040
[    0.000000] ACPI: APIC 0x000000007FFF0240 00005C (v02 VBOX   VBOXAPIC 00000001 ASL  00000061)
[    0.000000] ACPI: SSDT 0x000000007FFF02A0 0001CC (v01 VBOX   VBOXCPUT 00000002 INTL 20100528)
[    0.000000] No NUMA configuration found
[    0.000000] Faking a node at [mem 0x0000000000000000-0x000000007ffeffff]
[    0.000000] NODE_DATA(0) allocated [mem 0x7ffc5000-0x7ffeffff]
[    0.000000] kvm-clock: cpu 0, msr 0:7ff44001, primary cpu clock
[    0.000000] kvm-clock: Using msrs 4b564d01 and 4b564d00
[    0.000000] kvm-clock: using sched offset of 4620555582 cycles
[    0.000000] clocksource: kvm-clock: mask: 0xffffffffffffffff max_cycles: 0x1cd42e4dffb, max_idle_ns: 881590591483 ns
[    0.000000] Zone ranges:
[    0.000000]   DMA      [mem 0x0000000000001000-0x0000000000ffffff]
[    0.000000]   DMA32    [mem 0x0000000001000000-0x000000007ffeffff]
[    0.000000]   Normal   empty
[    0.000000]   Device   empty
[    0.000000] Movable zone start for each node
[    0.000000] Early memory node ranges
[    0.000000]   node   0: [mem 0x0000000000001000-0x000000000009efff]
[    0.000000]   node   0: [mem 0x0000000000100000-0x000000007ffeffff]
[    0.000000] Reserved but unavailable: 98 pages
[    0.000000] Initmem setup node 0 [mem 0x0000000000001000-0x000000007ffeffff]
[    0.000000] ACPI: PM-Timer IO Port: 0x4008
[    0.000000] IOAPIC[0]: apic_id 2, version 32, address 0xfec00000, GSI 0-23
[    0.000000] ACPI: INT_SRC_OVR (bus 0 bus_irq 0 global_irq 2 dfl dfl)
[    0.000000] ACPI: INT_SRC_OVR (bus 0 bus_irq 9 global_irq 9 low level)
[    0.000000] Using ACPI (MADT) for SMP configuration information
[    0.000000] smpboot: Allowing 2 CPUs, 0 hotplug CPUs
[    0.000000] PM: Registered nosave memory: [mem 0x00000000-0x00000fff]
[    0.000000] PM: Registered nosave memory: [mem 0x0009f000-0x0009ffff]
[    0.000000] PM: Registered nosave memory: [mem 0x000a0000-0x000effff]
[    0.000000] PM: Registered nosave memory: [mem 0x000f0000-0x000fffff]
[    0.000000] e820: [mem 0x80000000-0xfebfffff] available for PCI devices
[    0.000000] Booting paravirtualized kernel on KVM
[    0.000000] clocksource: refined-jiffies: mask: 0xffffffff max_cycles: 0xffffffff, max_idle_ns: 7645519600211568 ns
[    0.000000] random: get_random_bytes called from start_kernel+0x99/0x500 with crng_init=0
[    0.000000] setup_percpu: NR_CPUS:8192 nr_cpumask_bits:2 nr_cpu_ids:2 nr_node_ids:1
[    0.000000] percpu: Embedded 45 pages/cpu s147456 r8192 d28672 u1048576
[    0.000000] PV qspinlock hash table entries: 256 (order: 0, 4096 bytes)
[    0.000000] Built 1 zonelists, mobility grouping on.  Total pages: 515961
[    0.000000] Policy zone: DMA32
[    0.000000] Kernel command line: BOOT_IMAGE=/boot/vmlinuz-4.15.0-111-generic root=LABEL=cloudimg-rootfs ro console=tty1 console=ttyS0
[    0.000000] Memory: 2015228K/2096696K available (12300K kernel code, 2481K rwdata, 4272K rodata, 2436K init, 2720K bss, 81468K reserved, 0K cma-reserved)
[    0.000000] SLUB: HWalign=64, Order=0-3, MinObjects=0, CPUs=2, Nodes=1
[    0.000000] Kernel/User page tables isolation: enabled
[    0.000000] ftrace: allocating 39378 entries in 154 pages
[    0.004000] Hierarchical RCU implementation.
[    0.004000] 	RCU restricting CPUs from NR_CPUS=8192 to nr_cpu_ids=2.
[    0.004000] 	Tasks RCU enabled.
[    0.004000] RCU: Adjusting geometry for rcu_fanout_leaf=16, nr_cpu_ids=2
[    0.004000] NR_IRQS: 524544, nr_irqs: 440, preallocated irqs: 16
[    0.004000] Console: colour VGA+ 80x25
[    0.004000] console [tty1] enabled
[    0.004000] console [ttyS0] enabled
[    0.004000] ACPI: Core revision 20170831
[    0.004000] ACPI: 2 ACPI AML tables successfully acquired and loaded
[    0.004000] APIC: Switch to symmetric I/O mode setup
[    0.004000] x2apic enabled
[    0.004000] Switched APIC routing to physical x2apic.
[    0.005179] ..TIMER: vector=0x30 apic1=0 pin1=2 apic2=-1 pin2=-1
[    0.008004] tsc: Detected 2294.688 MHz processor
[    0.012013] Calibrating delay loop (skipped) preset value.. 4589.37 BogoMIPS (lpj=9178752)
[    0.014117] pid_max: default: 32768 minimum: 301
[    0.015246] Security Framework initialized
[    0.016003] Yama: becoming mindful.
[    0.016934] AppArmor: AppArmor initialized
[    0.020000] Dentry cache hash table entries: 262144 (order: 9, 2097152 bytes)
[    0.022217] Inode-cache hash table entries: 131072 (order: 8, 1048576 bytes)
[    0.024029] Mount-cache hash table entries: 4096 (order: 3, 32768 bytes)
[    0.028016] Mountpoint-cache hash table entries: 4096 (order: 3, 32768 bytes)
[    0.030649] Last level iTLB entries: 4KB 1024, 2MB 1024, 4MB 1024
[    0.032004] Last level dTLB entries: 4KB 1024, 2MB 1024, 4MB 1024, 1GB 4
[    0.034046] Spectre V1 : Mitigation: usercopy/swapgs barriers and __user pointer sanitization
[    0.036004] Spectre V2 : Mitigation: Full generic retpoline
[    0.038126] Spectre V2 : Spectre v2 / SpectreRSB mitigation: Filling RSB on context switch
[    0.040004] Speculative Store Bypass: Vulnerable
[    0.041242] SRBDS: Unknown: Dependent on hypervisor status
[    0.044003] MDS: Mitigation: Clear CPU buffers
[    0.045545] Freeing SMP alternatives memory: 36K
[    0.157687] smpboot: CPU0: Intel(R) Core(TM) i7-4850HQ CPU @ 2.30GHz (family: 0x6, model: 0x46, stepping: 0x1)
[    0.160000] Performance Events: unsupported p6 CPU model 70 no PMU driver, software events only.
[    0.160059] Hierarchical SRCU implementation.
[    0.161668] NMI watchdog: Perf event create on CPU 0 failed with -2
[    0.164002] NMI watchdog: Perf NMI watchdog permanently disabled
[    0.165569] smp: Bringing up secondary CPUs ...
[    0.166851] x86: Booting SMP configuration:
[    0.168003] .... node  #0, CPUs:      #1
[    0.004000] kvm-clock: cpu 1, msr 0:7ff44041, secondary cpu clock
[    0.174474] smp: Brought up 1 node, 2 CPUs
[    0.174474] smpboot: Max logical packages: 1
[    0.176007] smpboot: Total of 2 processors activated (9178.75 BogoMIPS)
[    0.180003] devtmpfs: initialized
[    0.180873] x86/mm: Memory block size: 128MB
[    0.182073] evm: security.selinux
[    0.182991] evm: security.SMACK64
[    0.184005] evm: security.SMACK64EXEC
[    0.184948] evm: security.SMACK64TRANSMUTE
[    0.185948] evm: security.SMACK64MMAP
[    0.188005] evm: security.apparmor
[    0.189332] evm: security.ima
[    0.190241] evm: security.capability
[    0.191404] clocksource: jiffies: mask: 0xffffffff max_cycles: 0xffffffff, max_idle_ns: 7645041785100000 ns
[    0.192017] futex hash table entries: 512 (order: 3, 32768 bytes)
[    0.193617] pinctrl core: initialized pinctrl subsystem
[    0.196107] RTC time:  4:22:47, date: 07/24/20
[    0.197303] NET: Registered protocol family 16
[    0.198522] audit: initializing netlink subsys (disabled)
[    0.200062] audit: type=2000 audit(1595564573.317:1): state=initialized audit_enabled=0 res=1
[    0.200281] cpuidle: using governor ladder
[    0.204019] cpuidle: using governor menu
[    0.205572] ACPI: bus type PCI registered
[    0.206899] acpiphp: ACPI Hot Plug PCI Controller Driver version: 0.5
[    0.208137] PCI: Using configuration type 1 for base access
[    0.213723] HugeTLB registered 2.00 MiB page size, pre-allocated 0 pages
[    0.216090] ACPI: Added _OSI(Module Device)
[    0.217148] ACPI: Added _OSI(Processor Device)
[    0.218390] ACPI: Added _OSI(3.0 _SCP Extensions)
[    0.220021] ACPI: Added _OSI(Processor Aggregator Device)
[    0.221827] ACPI: Added _OSI(Linux-Dell-Video)
[    0.224008] ACPI: Added _OSI(Linux-Lenovo-NV-HDMI-Audio)
[    0.225364] ACPI: Added _OSI(Linux-HPI-Hybrid-Graphics)
[    0.227102] ACPI: Executed 1 blocks of module-level executable AML code
[    0.233331] ACPI: Interpreter enabled
[    0.234324] ACPI: (supports S0 S5)
[    0.235265] ACPI: Using IOAPIC for interrupt routing
[    0.236222] PCI: Using host bridge windows from ACPI; if necessary, use "pci=nocrs" and report a bug
[    0.239047] ACPI: Enabled 2 GPEs in block 00 to 07
[    0.248741] ACPI: PCI Root Bridge [PCI0] (domain 0000 [bus 00-ff])
[    0.250287] acpi PNP0A03:00: _OSC: OS supports [ASPM ClockPM Segments MSI]
[    0.252316] acpi PNP0A03:00: _OSC: not requesting OS control; OS requires [ExtendedConfig ASPM ClockPM MSI]
[    0.255245] acpi PNP0A03:00: fail to add MMCONFIG information, can't access extended PCI configuration space under this bridge.
[    0.256529] PCI host bridge to bus 0000:00
[    0.260006] pci_bus 0000:00: root bus resource [io  0x0000-0x0cf7 window]
[    0.261653] pci_bus 0000:00: root bus resource [io  0x0d00-0xffff window]
[    0.264006] pci_bus 0000:00: root bus resource [mem 0x000a0000-0x000bffff window]
[    0.265831] pci_bus 0000:00: root bus resource [mem 0x80000000-0xfdffffff window]
[    0.267900] pci_bus 0000:00: root bus resource [bus 00-ff]
[    0.274814] pci 0000:00:01.1: legacy IDE quirk: reg 0x10: [io  0x01f0-0x01f7]
[    0.276005] pci 0000:00:01.1: legacy IDE quirk: reg 0x14: [io  0x03f6]
[    0.277727] pci 0000:00:01.1: legacy IDE quirk: reg 0x18: [io  0x0170-0x0177]
[    0.280004] pci 0000:00:01.1: legacy IDE quirk: reg 0x1c: [io  0x0376]
[    0.309904] pci 0000:00:07.0: quirk: [io  0x4000-0x403f] claimed by PIIX4 ACPI
[    0.312073] pci 0000:00:07.0: quirk: [io  0x4100-0x410f] claimed by PIIX4 SMB
[    0.330424] ACPI: PCI Interrupt Link [LNKA] (IRQs 5 9 10 *11)
[    0.332359] ACPI: PCI Interrupt Link [LNKB] (IRQs 5 9 *10 11)
[    0.334261] ACPI: PCI Interrupt Link [LNKC] (IRQs 5 *9 10 11)
[    0.336211] ACPI: PCI Interrupt Link [LNKD] (IRQs 5 9 10 *11)
[    0.338259] SCSI subsystem initialized
[    0.340068] pci 0000:00:02.0: vgaarb: setting as boot VGA device
[    0.341548] pci 0000:00:02.0: vgaarb: VGA device added: decodes=io+mem,owns=io+mem,locks=none
[    0.343558] pci 0000:00:02.0: vgaarb: bridge control possible
[    0.344004] vgaarb: loaded
[    0.344898] ACPI: bus type USB registered
[    0.346251] usbcore: registered new interface driver usbfs
[    0.348015] usbcore: registered new interface driver hub
[    0.349677] usbcore: registered new device driver usb
[    0.351043] EDAC MC: Ver: 3.0.0
[    0.352554] PCI: Using ACPI for IRQ routing
[    0.353713] NetLabel: Initializing
[    0.356006] NetLabel:  domain hash size = 128
[    0.357459] NetLabel:  protocols = UNLABELED CIPSOv4 CALIPSO
[    0.358893] NetLabel:  unlabeled traffic allowed by default
[    0.360086] clocksource: Switched to clocksource kvm-clock
[    0.377558] VFS: Disk quotas dquot_6.6.0
[    0.378973] VFS: Dquot-cache hash table entries: 512 (order 0, 4096 bytes)
[    0.381216] AppArmor: AppArmor Filesystem Enabled
[    0.382820] pnp: PnP ACPI init
[    0.385578] pnp: PnP ACPI: found 3 devices
[    0.400405] clocksource: acpi_pm: mask: 0xffffff max_cycles: 0xffffff, max_idle_ns: 2085701024 ns
[    0.403111] NET: Registered protocol family 2
[    0.404972] TCP established hash table entries: 16384 (order: 5, 131072 bytes)
[    0.406848] TCP bind hash table entries: 16384 (order: 6, 262144 bytes)
[    0.408581] TCP: Hash tables configured (established 16384 bind 16384)
[    0.411928] UDP hash table entries: 1024 (order: 3, 32768 bytes)
[    0.413465] UDP-Lite hash table entries: 1024 (order: 3, 32768 bytes)
[    0.415973] NET: Registered protocol family 1
[    0.417044] pci 0000:00:00.0: Limiting direct PCI/PCI transfers
[    0.419280] pci 0000:00:01.0: Activating ISA DMA hang workarounds
[    0.422474] pci 0000:00:02.0: Video device with shadowed ROM at [mem 0x000c0000-0x000dffff]
[    0.424849] Unpacking initramfs...
[    0.733773] Freeing initrd memory: 19216K
[    0.734993] clocksource: tsc: mask: 0xffffffffffffffff max_cycles: 0x21139aef754, max_idle_ns: 440795211890 ns
[    0.738420] platform rtc_cmos: registered platform RTC device (no PNP device found)
[    0.740995] Scanning for low memory corruption every 60 seconds
[    0.743115] Initialise system trusted keyrings
[    0.744321] Key type blacklist registered
[    0.745812] workingset: timestamp_bits=36 max_order=19 bucket_order=0
[    0.748426] zbud: loaded
[    0.749574] squashfs: version 4.0 (2009/01/31) Phillip Lougher
[    0.751349] fuse init (API version 7.26)
[    0.755629] Key type asymmetric registered
[    0.756736] Asymmetric key parser 'x509' registered
[    0.758102] Block layer SCSI generic (bsg) driver version 0.4 loaded (major 246)
[    0.759942] io scheduler noop registered
[    0.761067] io scheduler deadline registered
[    0.762322] io scheduler cfq registered (default)
[    0.765155] ACPI: AC Adapter [AC] (on-line)
[    0.766504] input: Power Button as /devices/LNXSYSTM:00/LNXPWRBN:00/input/input0
[    0.768967] ACPI: Power Button [PWRF]
[    0.771054] input: Sleep Button as /devices/LNXSYSTM:00/LNXSLPBN:00/input/input1
[    0.773769] ACPI: Sleep Button [SLPF]
[    0.777303] ACPI: Battery Slot [BAT0] (battery present)
[    0.778706] Serial: 8250/16550 driver, 32 ports, IRQ sharing enabled
[    0.801802] 00:02: ttyS0 at I/O 0x3f8 (irq = 4, base_baud = 115200) is a 16550A
[    0.809316] Linux agpgart interface v0.103
[    0.814478] loop: module loaded
[    0.816610] scsi host0: ata_piix
[    0.818490] scsi host1: ata_piix
[    0.820045] ata1: PATA max UDMA/33 cmd 0x1f0 ctl 0x3f6 bmdma 0xd000 irq 14
[    0.822473] ata2: PATA max UDMA/33 cmd 0x170 ctl 0x376 bmdma 0xd008 irq 15
[    0.824644] libphy: Fixed MDIO Bus: probed
[    0.826003] tun: Universal TUN/TAP device driver, 1.6
[    0.827601] PPP generic driver version 2.4.2
[    0.828881] ehci_hcd: USB 2.0 'Enhanced' Host Controller (EHCI) Driver
[    0.830452] ehci-pci: EHCI PCI platform driver
[    0.831809] ehci-platform: EHCI generic platform driver
[    0.833238] ohci_hcd: USB 1.1 'Open' Host Controller (OHCI) Driver
[    0.834708] ohci-pci: OHCI PCI platform driver
[    0.836042] ohci-platform: OHCI generic platform driver
[    0.837690] uhci_hcd: USB Universal Host Controller Interface driver
[    0.839330] i8042: PNP: PS/2 Controller [PNP0303:PS2K,PNP0f03:PS2M] at 0x60,0x64 irq 1,12
[    0.841932] serio: i8042 KBD port at 0x60,0x64 irq 1
[    0.843238] serio: i8042 AUX port at 0x60,0x64 irq 12
[    0.844651] mousedev: PS/2 mouse device common for all mice
[    0.846646] input: AT Translated Set 2 keyboard as /devices/platform/i8042/serio0/input/input2
[    0.848136] rtc_cmos rtc_cmos: rtc core: registered rtc_cmos as rtc0
[    0.850440] rtc_cmos rtc_cmos: alarms up to one day, 114 bytes nvram
[    0.852060] i2c /dev entries driver
[    0.853183] device-mapper: uevent: version 1.0.3
[    0.854809] device-mapper: ioctl: 4.37.0-ioctl (2017-09-20) initialised: dm-devel@redhat.com
[    0.857460] ledtrig-cpu: registered to indicate activity on CPUs
[    0.860072] NET: Registered protocol family 10
[    0.865103] Segment Routing with IPv6
[    0.866232] NET: Registered protocol family 17
[    0.867401] Key type dns_resolver registered
[    0.868784] mce: Using 0 MCE banks
[    0.869789] RAS: Correctable Errors collector initialized.
[    0.871496] sched_clock: Marking stable (868710676, 0)->(1153349544, -284638868)
[    0.874153] registered taskstats version 1
[    0.875253] Loading compiled-in X.509 certificates
[    0.879037] Loaded X.509 cert 'Build time autogenerated kernel key: e7f49a8350fc58df7a2fc42bf39ecd356db1ebb3'
[    0.881802] zswap: loaded using pool lzo/zbud
[    0.887015] Key type big_key registered
[    0.888133] Key type trusted registered
[    0.890942] Key type encrypted registered
[    0.892003] AppArmor: AppArmor sha1 policy hashing enabled
[    0.893481] ima: No TPM chip found, activating TPM-bypass! (rc=-19)
[    0.894997] ima: Allocated hash algorithm: sha1
[    0.896294] evm: HMAC attrs: 0x1
[    0.897589]   Magic number: 12:55:364
[    0.898702] rtc_cmos rtc_cmos: setting system clock to 2020-07-24 04:22:47 UTC (1595564567)
[    0.901103] BIOS EDD facility v0.16 2004-Jun-25, 0 devices found
[    0.902632] EDD information not available.
[    0.991356] Freeing unused kernel image memory: 2436K
[    1.004338] Write protecting the kernel read-only data: 20480k
[    1.008750] Freeing unused kernel image memory: 2008K
[    1.012387] Freeing unused kernel image memory: 1872K
[    1.022956] x86/mm: Checked W+X mappings: passed, no W+X pages found.
[    1.026238] x86/mm: Checking user space page tables
[    1.040637] x86/mm: Checked W+X mappings: passed, no W+X pages found.
Loading, please wait...
starting version 237
[    1.167336] e1000: Intel(R) PRO/1000 Network Driver - version 7.3.21-k8-NAPI
[    1.169679] e1000: Copyright (c) 1999-2006 Intel Corporation.
[    1.178024] Fusion MPT base driver 3.04.20
[    1.180534] Copyright (c) 1999-2008 LSI Corporation
[    1.211901] AVX2 version of gcm_enc/dec engaged.
[    1.213656] AES CTR mode by8 optimization enabled
[    1.217807] Fusion MPT SPI Host driver 3.04.20
[    1.412292] input: ImExPS/2 Generic Explorer Mouse as /devices/platform/i8042/serio1/input/input4
[    1.736692] e1000 0000:00:03.0 eth0: (PCI:33MHz:32-bit) 02:27:36:10:00:0e
[    1.738943] e1000 0000:00:03.0 eth0: Intel(R) PRO/1000 Network Connection
[    2.203495] e1000 0000:00:08.0 eth1: (PCI:33MHz:32-bit) 08:00:27:a0:f3:10
[    2.206531] e1000 0000:00:08.0 eth1: Intel(R) PRO/1000 Network Connection
[    2.210917] e1000 0000:00:03.0 enp0s3: renamed from eth0
[    2.212533] mptbase: ioc0: Initiating bringup
[    2.228746] e1000 0000:00:08.0 enp0s8: renamed from eth1
[    2.670954] ioc0: LSI53C1030 A0: Capabilities={Initiator}
[    3.890522] scsi host2: ioc0: LSI53C1030 A0, FwRev=00000000h, Ports=1, MaxQ=256, IRQ=20
[    4.208774] scsi 2:0:0:0: Direct-Access     VBOX     HARDDISK         1.0  PQ: 0 ANSI: 5
[    4.236042] scsi target2:0:0: Beginning Domain Validation
[    4.241536] scsi target2:0:0: Domain Validation skipping write tests
[    4.243324] scsi target2:0:0: Ending Domain Validation
[    4.244801] scsi target2:0:0: asynchronous
[    4.246904] scsi 2:0:1:0: Direct-Access     VBOX     HARDDISK         1.0  PQ: 0 ANSI: 5
[    4.280241] scsi target2:0:1: Beginning Domain Validation
[    4.283547] random: fast init done
[    4.285459] scsi target2:0:1: Domain Validation skipping write tests
[    4.287454] scsi target2:0:1: Ending Domain Validation
[    4.288956] scsi target2:0:1: asynchronous
[    4.296796] random: systemd-udevd: uninitialized urandom read (16 bytes read)
[    4.298706] random: systemd-udevd: uninitialized urandom read (16 bytes read)
[    4.298792] sd 2:0:0:0: Attached scsi generic sg0 type 0
[    4.300490] random: systemd-udevd: uninitialized urandom read (16 bytes read)
[    4.304008] sd 2:0:0:0: [sda] 20971520 512-byte logical blocks: (10.7 GB/10.0 GiB)
[    4.306408] sd 2:0:0:0: [sda] Write Protect is off
[    4.307686] sd 2:0:1:0: [sdb] 20480 512-byte logical blocks: (10.5 MB/10.0 MiB)
[    4.308096] sd 2:0:1:0: Attached scsi generic sg1 type 0
[    4.310990] sd 2:0:1:0: [sdb] Write Protect is off
[    4.311172] sd 2:0:0:0: [sda] Incomplete mode parameter data
[    4.314279] sd 2:0:0:0: [sda] Assuming drive cache: write through
[    4.315942] sd 2:0:1:0: [sdb] Incomplete mode parameter data
[    4.317384]  sda: sda1
[    4.317435] sd 2:0:1:0: [sdb] Assuming drive cache: write through
[    4.318963] sd 2:0:0:0: [sda] Attached SCSI disk
[    4.324496] sd 2:0:1:0: [sdb] Attached SCSI disk
Begin: Loading essential drivers ... [    5.804144] raid6: sse2x1   gen()  9481 MB/s
[    5.852101] raid6: sse2x1   xor()  7223 MB/s
[    5.900258] raid6: sse2x2   gen() 12233 MB/s
[    5.948098] raid6: sse2x2   xor()  7416 MB/s
[    5.996107] raid6: sse2x4   gen() 12481 MB/s
[    6.044357] raid6: sse2x4   xor()  8523 MB/s
[    6.092352] raid6: avx2x1   gen() 19149 MB/s
[    6.140059] raid6: avx2x1   xor() 12586 MB/s
[    6.188312] raid6: avx2x2   gen() 19877 MB/s
[    6.236540] raid6: avx2x2   xor() 13784 MB/s
[    6.284249] raid6: avx2x4   gen() 25577 MB/s
[    6.332321] raid6: avx2x4   xor() 15657 MB/s
[    6.333408] raid6: using algorithm avx2x4 gen() 25577 MB/s
[    6.334804] raid6: .... xor() 15657 MB/s, rmw enabled
[    6.336309] raid6: using avx2x2 recovery algorithm
[    6.339191] xor: automatically using best checksumming function   avx       
[    6.342408] async_tx: api initialized (async)
done.
Begin: Running /scripts/init-premount ... done.
Begin: Mounting root file system ... Begin: Running /scripts/local-top ... done.
Begin: Running /scripts/local-premount ... [    6.395982] Btrfs loaded, crc32c=crc32c-intel
Scanning for Btrfs filesystems
done.
Warning: fsck not present, so skipping root file system
[    6.436974] EXT4-fs (sda1): mounted filesystem with ordered data mode. Opts: (null)
done.
Begin: Running /scripts/local-bottom ... done.
Begin: Running /scripts/init-bottom ... done.
[    6.700974] ip_tables: (C) 2000-2006 Netfilter Core Team
[    6.716999] systemd[1]: systemd 237 running in system mode. (+PAM +AUDIT +SELINUX +IMA +APPARMOR +SMACK +SYSVINIT +UTMP +LIBCRYPTSETUP +GCRYPT +GNUTLS +ACL +XZ +LZ4 +SECCOMP +BLKID +ELFUTILS +KMOD -IDN2 +IDN -PCRE2 default-hierarchy=hybrid)
[    6.723011] systemd[1]: Detected virtualization oracle.
[    6.724399] systemd[1]: Detected architecture x86-64.

Welcome to [1mUbuntu 18.04.4 LTS[0m!

[    6.731351] systemd[1]: Set hostname to <ubuntu>.
[    6.740772] systemd[1]: Initializing machine ID from random generator.
[    6.742329] systemd[1]: Installed transient /etc/machine-id file.
[    7.075625] systemd[1]: Reached target User and Group Name Lookups.
[[0;32m  OK  [0m] Reached target User and Group Name Lookups.
[    7.078864] systemd[1]: Set up automount Arbitrary Executable File Formats File System Automount Point.
[[0;32m  OK  [0m] Set up automount Arbitrary Executab…rmats File System Automount Point.
[    7.098177] systemd[1]: Reached target Swap.
[[0;32m  OK  [0m] Reached target Swap.
[    7.103039] systemd[1]: Created slice System Slice.
[[0;32m  OK  [0m] Created slice System Slice.
[[0;32m  OK  [0m] Listening on LVM2 poll daemon socket.
[[0;32m  OK  [0m] Listening on Network Service Netlink Socket.
[[0;32m  OK  [0m] Listening on Journal Socket.
[[0;32m  OK  [0m] Listening on Journal Audit Socket.
[[0;32m  OK  [0m] Listening on udev Control Socket.
         Starting Set the console keyboard layout...
[[0;32m  OK  [0m] Listening on Device-mapper event daemon FIFOs.
         Starting Uncomplicated firewall...
         Mounting Kernel Debug File System...
         Starting Create list of required st…ce nodes for the current kernel...
         Starting Remount Root and Kernel File Systems...
[[0;32m  OK  [0m] Listening on Syslog Socket.
         Starting Load Kernel Modules...
         Mounting Huge Pages File System...
[[0;32m  OK  [0m] Listening on /dev/initctl Compatibility Named Pipe.
[[0;32m  OK  [0m] Created slice system-serial\x2dgetty.slice.
[[0;32m  OK  [0m] Listening on udev Kernel Socket.
         Starting udev Coldplug all Devices...
[[0;32m  OK  [0m] Created slice User and Session Slice.
[[0;32m  OK  [0m] Reached target Slices.
[[0;32m  OK  [0m] Started Forward Password Requests to Wall Directory Watch.
[[0;32m  OK  [0m] Listening on Journal Socket (/dev/log).
         Starting Journal Service...
[[0;32m  OK  [0m] Listening on LVM2 metadata daemon socket.
         Starting Monitoring of LVM2 mirrors…ng dmeventd or progress polling...
[[0;32m  OK  [0m] Reached target System Time Synchronized.
[    7.184170] EXT4-fs (sda1): re-mounted. Opts: (null)
         Mounting POSIX Message Queue File System...
[[0;32m  OK  [0m] Started Uncomplicated firewall.
[[0;32m  OK  [0m] Mounted Kernel Debug File System.
[[0;32m  OK  [0m] Started Create list of required sta…vice nodes for the current kernel.
[[0;32m  OK  [0m] Started Remount Root and Kernel File Systems.
[[0;32m  OK  [0m] Mounted Huge Pages File System.
[[0;32m  OK  [0m] Mounted POSIX Message Queue File System.
[    7.222714] Loading iSCSI transport class v2.0-870.
         Starting Load/Save Random Seed...
         Starting Create Static Device Nodes in /dev...
[    7.302597] iscsi: registered transport (tcp)
[[0;32m  OK  [0m] Started udev Coldplug all Devices.
[[0;32m  OK  [0m] Started Journal Service.
         Starting Flush Journal to Persistent Storage...
[[0;32m  OK  [0m] Started LVM2 metadata daemon.
[[0;32m  OK  [0m] Started Load/Save Random Seed.
[[0;32m  OK  [0m] Started Create Static Device Nodes in /dev.
         Starting udev Kernel Device Manager...
[    7.372141] systemd-journald[393]: Received request to flush runtime journal from PID 1
[    7.393505] iscsi: registered transport (iser)
[[0;32m  OK  [0m] Started Load Kernel Modules.
[[0;32m  OK  [0m] Started Monitoring of LVM2 mirrors,…sing dmeventd or progress polling.
         Starting Apply Kernel Variables...
         Mounting FUSE Control File System...
         Mounting Kernel Configuration File System...
[[0;32m  OK  [0m] Mounted FUSE Control File System.
[[0;32m  OK  [0m] Mounted Kernel Configuration File System.
[[0;32m  OK  [0m] Started udev Kernel Device Manager.
[[0;32m  OK  [0m] Started Set the console keyboard layout.
[[0;32m  OK  [0m] Started Dispatch Password Requests to Console Directory Watch.
[[0;32m  OK  [0m] Reached target Local Encrypted Volumes.
[[0;32m  OK  [0m] Reached target Local File Systems (Pre).
[[0;32m  OK  [0m] Reached target Local File Systems.
         Starting Set console font and keymap...
         Starting Tell Plymouth To Write Out Runtime Data...
         Starting ebtables ruleset management...
         Starting Commit a transient machine-id on disk...
         Starting AppArmor initialization...
[[0;32m  OK  [0m] Started Apply Kernel Variables.
[[0;32m  OK  [0m] Started Tell Plymouth To Write Out Runtime Data.
[[0;32m  OK  [0m] Started Set console font and keymap.
[[0;32m  OK  [0m] Started Flush Journal to Persistent Storage.
         Starting Create Volatile Files and Directories...
[[0;32m  OK  [0m] Started Create Volatile Files and Directories.
         Starting Update UTMP about System Boot/Shutdown...
[[0;32m  OK  [0m] Started Commit a transient machine-id on disk.
[[0;32m  OK  [0m] Started Update UTMP about System Boot/Shutdown.
[[0;32m  OK  [0m] Started ebtables ruleset management.
[[0;32m  OK  [0m] Found device /dev/ttyS0.
[[0;32m  OK  [0m] Listening on Load/Save RF Kill Switch Status /dev/rfkill Watch.
[[0;32m  OK  [0m] Started AppArmor initialization.
         Starting Initial cloud-init job (pre-networking)...
         Starting Load AppArmor profiles managed internally by snapd...
[[0;32m  OK  [0m] Started Load AppArmor profiles managed internally by snapd.
[    9.917057] cloud-init[535]: Cloud-init v. 20.2-45-g5f7825e2-0ubuntu1~18.04.1 running 'init-local' at Fri, 24 Jul 2020 04:22:56 +0000. Up 9.51 seconds.
[[0;32m  OK  [0m] Started Initial cloud-init job (pre-networking).
[[0;32m  OK  [0m] Reached target Network (Pre).
         Starting Network Service...
[[0;32m  OK  [0m] Started Network Service.
         Starting Network Name Resolution...
         Starting Wait for Network to be Configured...
[[0;32m  OK  [0m] Started Network Name Resolution.
[[0;32m  OK  [0m] Reached target Network.
[[0;32m  OK  [0m] Reached target Host and Network Name Lookups.
[[0;32m  OK  [0m] Started Wait for Network to be Configured.
         Starting Initial cloud-init job (metadata service crawler)...
[   12.719653] cloud-init[675]: Cloud-init v. 20.2-45-g5f7825e2-0ubuntu1~18.04.1 running 'init' at Fri, 24 Jul 2020 04:22:59 +0000. Up 12.48 seconds.
[   12.724935] cloud-init[675]: ci-info: +++++++++++++++++++++++++++++++++++++Net device info+++++++++++++++++++++++++++++++++++++
[   12.729591] cloud-init[675]: ci-info: +--------+-------+-------------------------+---------------+--------+-------------------+
[   12.732977] cloud-init[675]: ci-info: | Device |   Up  |         Address         |      Mask     | Scope  |     Hw-Address    |
[   12.736808] cloud-init[675]: ci-info: +--------+-------+-------------------------+---------------+--------+-------------------+
[   12.741223] cloud-init[675]: ci-info: | enp0s3 |  True |        10.0.2.15        | 255.255.255.0 | global | 02:27:36:10:00:0e |
[   12.746217] cloud-init[675]: ci-info: | enp0s3 |  True | fe80::27:36ff:fe10:e/64 |       .       |  link  | 02:27:36:10:00:0e |
[   12.749324] cloud-init[675]: ci-info: | enp0s8 | False |            .            |       .       |   .    | 08:00:27:a0:f3:10 |
[   12.752515] cloud-init[675]: ci-info: |   lo   |  True |        127.0.0.1        |   255.0.0.0   |  host  |         .         |
[   12.757834] cloud-init[675]: ci-info: |   lo   |  True |         ::1/128         |       .       |  host  |         .         |
[   12.761775] cloud-init[675]: ci-info: +--------+-------+-------------------------+---------------+--------+-------------------+
[   12.767494] cloud-init[675]: ci-info: ++++++++++++++++++++++++++++Route IPv4 info+++++++++++++++++++++++++++++
[   12.774684] cloud-init[675]: ci-info: +-------+-------------+----------+-----------------+-----------+-------+
[   12.780838] cloud-init[675]: ci-info: | Route | Destination | Gateway  |     Genmask     | Interface | Flags |
[   12.785347] cloud-init[675]: ci-info: +-------+-------------+----------+-----------------+-----------+-------+
[   12.789946] cloud-init[675]: ci-info: |   0   |   0.0.0.0   | 10.0.2.2 |     0.0.0.0     |   enp0s3  |   UG  |
[   12.794385] cloud-init[675]: ci-info: |   1   |   10.0.2.0  | 0.0.0.0  |  255.255.255.0  |   enp0s3  |   U   |
[   12.798181] cloud-init[675]: ci-info: |   2   |   10.0.2.2  | 0.0.0.0  | 255.255.255.255 |   enp0s3  |   UH  |
[   12.802745] cloud-init[675]: ci-info: +-------+-------------+----------+-----------------+-----------+-------+
[   12.807441] cloud-init[675]: ci-info: +++++++++++++++++++Route IPv6 info+++++++++++++++++++
[   12.811948] cloud-init[675]: ci-info: +-------+-------------+---------+-----------+-------+
[   12.815838] cloud-init[675]: ci-info: | Route | Destination | Gateway | Interface | Flags |
[   12.820015] cloud-init[675]: ci-info: +-------+-------------+---------+-----------+-------+
[   12.824455] cloud-init[675]: ci-info: |   1   |  fe80::/64  |    ::   |   enp0s3  |   U   |
[   12.827703] cloud-init[675]: ci-info: |   3   |    local    |    ::   |   enp0s3  |   U   |
[   12.831412] cloud-init[675]: ci-info: |   4   |   ff00::/8  |    ::   |   enp0s3  |   U   |
[   12.835215] cloud-init[675]: ci-info: +-------+-------------+---------+-----------+-------+
[   13.682715] cloud-init[675]: Generating public/private rsa key pair.
[   13.685187] cloud-init[675]: Your identification has been saved in /etc/ssh/ssh_host_rsa_key.
[   13.687713] cloud-init[675]: Your public key has been saved in /etc/ssh/ssh_host_rsa_key.pub.
[   13.691177] cloud-init[675]: The key fingerprint is:
[   13.693086] cloud-init[675]: SHA256:nFHp+64INXLAI/BY5sYSJSsncXw7ZVoVAEaMlBLRJec root@ubuntu-bionic
[   13.695653] cloud-init[675]: The key's randomart image is:
[   13.697536] cloud-init[675]: +---[RSA 2048]----+
[   13.699392] cloud-init[675]: |+*BBX..oo...     |
[   13.701330] cloud-init[675]: |.o=^o.+  ..      |
[   13.702671] cloud-init[675]: |o.=.E*+ ..       |
[   13.704023] cloud-init[675]: | + o+. + o.      |
[   13.706105] cloud-init[675]: |     .. S  .     |
[   13.708493] cloud-init[675]: |       + ..      |
[   13.710312] cloud-init[675]: |      .    .     |
[   13.712447] cloud-init[675]: |       . .  .    |
[   13.714391] cloud-init[675]: |        . .o.    |
[   13.716045] cloud-init[675]: +----[SHA256]-----+
[   13.718017] cloud-init[675]: Generating public/private dsa key pair.
[   13.720729] cloud-init[675]: Your identification has been saved in /etc/ssh/ssh_host_dsa_key.
[   13.724163] cloud-init[675]: Your public key has been saved in /etc/ssh/ssh_host_dsa_key.pub.
[   13.728097] cloud-init[675]: The key fingerprint is:
[   13.730377] cloud-init[675]: SHA256:4Sx4rNWwIeGcn66qOnNePFpXC5BV1Ws40HDh/Qk0lb8 root@ubuntu-bionic
[   13.733237] cloud-init[675]: The key's randomart image is:
[   13.734930] cloud-init[675]: +---[DSA 1024]----+
[   13.736887] cloud-init[675]: |    . ..o++oo... |
[   13.738765] cloud-init[675]: |   o =  .o.o...  |
[   13.740591] cloud-init[675]: |    B o ....o. . |
[   13.742673] cloud-init[675]: |     * O .o oo ..|
[   13.744725] cloud-init[675]: |    . X S  o  o .|
[[0;32m  OK  [0m] Started Initial cloud-init job (metadata service crawler).
[   13.749740] cloud-init[675]: |   . = + .     E |
[   13.750709] cloud-init[675]: |    * o .        |
[[0;32m  OK  [0m[   13.752045] cloud-init[675]: |o .+ +           |
[   13.752622] cloud-init[675]: |+*+..            |
] Reached target System Initialization.
[   13.753345] cloud-init[675]: +----[SHA256]-----+
[[0;32m  OK  [0m[   13.756675] cloud-init[675]: Generating public/private ecdsa key pair.
[   13.756946] cloud-init[675]: Your identification has been saved in /etc/ssh/ssh_host_ecdsa_key.
[   13.757206] cloud-init[675]: Your public key has been saved in /etc/ssh/ssh_host_ecdsa_key.pub.
[   13.757262] cloud-init[675]: The key fingerprint is:
] Listening on ACPID Listen Socket.
[   13.757401] cloud-init[675]: SHA256:c32p5opIgUTgS2WSWjrKIRyY4W46fFO5BuOq6EbhY8s root@ubuntu-bionic
[   13.765674] cloud-init[675]: The key's randomart image is:
[   13.767933] cloud-init[675]: +---[ECDSA 256]---+
[[   13.769750] cloud-init[675]: |oooo+            |
[   13.769926] cloud-init[675]: |+oo=             |
[0;32m  OK  [0m] Started ACPI Events Check.
[   13.771968] cloud-init[675]: |.=+ .            |
[   13.775048] cloud-init[675]: |*= o ..    .   . |
         Starting LXD - unix socket.[   13.783236] cloud-init[675]: |=++o.o. S . . o  |
[   13.783329] cloud-init[675]: |=*. + .. o   o   |
[   13.784733] cloud-init[675]: |*.o+ o.     o    |
[   13.787465] cloud-init[675]: |.Eo o. . . o     |
[   13.788031] cloud-init[675]: |*o    . . ...    |

[   13.788354] cloud-init[675]: +----[SHA256]-----+
[[0;32m  OK  [0m[   13.793801] cloud-init[675]: Generating public/private ed25519 key pair.
[   13.794520] cloud-init[675]: Your identification has been saved in /etc/ssh/ssh_host_ed25519_key.
[   13.794573] cloud-init[675]: Your public key has been saved in /etc/ssh/ssh_host_ed25519_key.pub.
[   13.794611] cloud-init[675]: The key fingerprint is:
[   13.794647] cloud-init[675]: SHA256:3h74QqySL8RZWbtZiSPD+RcQ53mjbsrK0eXKW1j+tCE root@ubuntu-bionic
[   13.794732] cloud-init[675]: The key's randomart image is:
[   13.794769] cloud-init[675]: +--[ED25519 256]--+
[   13.794804] cloud-init[675]: |        ...      |
[   13.794845] cloud-init[675]: |        oo .     |
[   13.794890] cloud-init[675]: |     . + +o.o    |
[   13.794929] cloud-init[675]: |      B + +o .   |
[   13.794968] cloud-init[675]: |   . o =S=+.     |
[   13.795007] cloud-init[675]: |    +  o*X.      |
[   13.795042] cloud-init[675]: |   . ..o=.E o    |
[   13.795077] cloud-init[675]: |    +..+.B = o   |
] Listening on D-Bus System Message Bus Socket.
[   13.795138] cloud-init[[0;32m  OK  [0m] Started Daily apt download activities.
[675]: |     ++.*oo o    |
[[0;32m  OK  [0m] Started Message of the Day.
[   13.838683] cloud-init[675]: [[0;32m  OK  [0m] Started Daily apt upgrade and clean activities.
[[0;32m  OK  [0m] Started Daily Cleanup of Temporary Directories.
[[0;32m  OK  [0m] Started Discard unused blocks once a week.
[[0;32m  OK  [0m] Listening on UUID daemon activation socket.
[[0;32m  OK  [0m] Reached target Timers.
+----[SHA256]-----+
[[0;32m  OK  [0m] Listening on Open-iSCSI iscsid Socket.
         Starting Socket activation for snappy daemon.
[[0;32m  OK  [0m] Reached target Paths.
[[0;32m  OK  [0m] Reached target Network is Online.
[[0;32m  OK  [0m] Reached target Remote File Systems (Pre).
[[0;32m  OK  [0m] Reached target Remote File Systems.
         Starting Availability of block devices...
[[0;32m  OK  [0m] Reached target Cloud-config availability.
[[0;32m  OK  [0m] Listening on LXD - unix socket.
[[0;32m  OK  [0m] Listening on Socket activation for snappy daemon.
[[0;32m  OK  [0m] Started Availability of block devices.
[[0;32m  OK  [0m] Reached target Sockets.
[[0;32m  OK  [0m] Reached target Basic System.
         Starting LSB: automatic crash report generation...
         Starting Login Service...
         Starting LSB: Record successful boot for GRUB...
[[0;32m  OK  [0m] Started irqbalance daemon.
         Starting Accounts Service...
[[0;32m  OK  [0m] Started Deferred execution scheduler.
         Starting Permit User Sessions...
[[0;32m  OK  [0m] Started FUSE filesystem for LXC.
         Starting System Logging Service...
         Starting Virtualbox guest utils...
         Starting Pollinate to seed the pseudo random number generator...
         Starting Dispatcher daemon for systemd-networkd...
[[0;32m  OK  [0m] Started Regular background program processing daemon.
[[0;32m  OK  [0m] Started D-Bus System Message Bus.
         Starting Snap Daemon...
         Starting LXD - container startup/shutdown...
[[0;32m  OK  [0m] Started System Logging Service.
[[0;32m  OK  [0m] Started Permit User Sessions.
[[0;32m  OK  [0m] Started Login Service.
[[0;32m  OK  [0m] Started Unattended Upgrades Shutdown.
         Starting Hold until boot process finishes up...
         Starting Terminate Plymouth Boot Screen...
[[0;32m  OK  [0m] Started Hold until boot process finishes up.
[[0;32m  OK  [0m] Started Serial Getty on ttyS0.
         Starting Set console scheme...
[[0;32m  OK  [0m] Started Terminate Plymouth Boot Screen.
[[0;32m  OK  [0m] Started Set console scheme.
[[0;32m  OK  [0m] Created slice system-getty.slice.
[[0;32m  OK  [0m] Started Getty on tty1.
[[0;32m  OK  [0m] Reached target Login Prompts.
[[0;32m  OK  [0m] Started LSB: automatic crash report generation.
[[0;32m  OK  [0m] Started LSB: Record successful boot for GRUB.
         Starting Authorization Manager...
[[0;32m  OK  [0m] Started Authorization Manager.
[[0;32m  OK  [0m] Started Accounts Service.
[[0;32m  OK  [0m] Started Dispatcher daemon for systemd-networkd.
[[0;32m  OK  [0m] Started Virtualbox guest utils.
[[0;32m  OK  [0m] Started LXD - container startup/shutdown.
[[0;32m  OK  [0m] Started Snap Daemon.
         Starting Wait until snapd is fully seeded...
[[0;32m  OK  [0m] Started Wait until snapd is fully seeded.
         Starting Apply the settings specified in cloud-config...
[[0;32m  OK  [0m] Started Pollinate to seed the pseudo random number generator.
         Starting OpenBSD Secure Shell server...
[[0;32m  OK  [0m] Started OpenBSD Secure Shell server.
[[0;32m  OK  [0m] Reached target Multi-User System.
[[0;32m  OK  [0m] Reached target Graphical Interface.
         Starting Update UTMP about System Runlevel Changes...
[[0;32m  OK  [0m] Started Update UTMP about System Runlevel Changes.
[[0;32m  OK  [0m] Created slice User Slice of vagrant.
         Starting User Manager for UID 1000...
[[0;32m  OK  [0m] Started Session 1 of user vagrant.
[[0;32m  OK  [0m] Started User Manager for UID 1000.
[   17.329553] cloud-init[1139]: Cloud-init v. 20.2-45-g5f7825e2-0ubuntu1~18.04.1 running 'modules:config' at Fri, 24 Jul 2020 04:23:03 +0000. Up 16.57 seconds.
[[0;32m  OK  [0m] Started Apply the settings specified in cloud-config.
         Starting Execute cloud user/final scripts...
ci-info: no authorized SSH keys fingerprints found for user ubuntu.
<14>Jul 24 04:23:04 ec2: 
<14>Jul 24 04:23:04 ec2: #############################################################
<14>Jul 24 04:23:04 ec2: -----BEGIN SSH HOST KEY FINGERPRINTS-----
<14>Jul 24 04:23:04 ec2: 1024 SHA256:4Sx4rNWwIeGcn66qOnNePFpXC5BV1Ws40HDh/Qk0lb8 root@ubuntu-bionic (DSA)
<14>Jul 24 04:23:04 ec2: 256 SHA256:c32p5opIgUTgS2WSWjrKIRyY4W46fFO5BuOq6EbhY8s root@ubuntu-bionic (ECDSA)
<14>Jul 24 04:23:04 ec2: 256 SHA256:3h74QqySL8RZWbtZiSPD+RcQ53mjbsrK0eXKW1j+tCE root@ubuntu-bionic (ED25519)
<14>Jul 24 04:23:04 ec2: 2048 SHA256:nFHp+64INXLAI/BY5sYSJSsncXw7ZVoVAEaMlBLRJec root@ubuntu-bionic (RSA)
<14>Jul 24 04:23:04 ec2: -----END SSH HOST KEY FINGERPRINTS-----
<14>Jul 24 04:23:04 ec2: #############################################################
-----BEGIN SSH HOST KEY KEYS-----
ecdsa-sha2-nistp256 AAAAE2VjZHNhLXNoYTItbmlzdHAyNTYAAAAIbmlzdHAyNTYAAABBBIEcula2o4WVlZ9wrmE8yaU2FcUw6Pwc+FUkKJi2adjpRRuvJeGvEpCotC2UmM46X+mDEM9EX907A6WUCTskFtU= root@ubuntu-bionic
ssh-ed25519 AAAAC3NzaC1lZDI1NTE5AAAAIB11VfvsCtG4gSb5Wupye5mnYqP7YfFJzDbZ9F+wbGUZ root@ubuntu-bionic
ssh-rsa AAAAB3NzaC1yc2EAAAADAQABAAABAQDec42ILXSDoWzQAwnBjYCCgPC+7RgMS0y7eHFkR+lkH/qBFgz1oUlVryWVDhiVzWRIt65xjgr3FAM4+kc60PCqa0rMOQtcmWYe0B5x0Ea1OJtq/NPczlCq7VBB/kcWRvar/glGvLoKqht6Wgj3E8iQtLPwftDGsen+J0hnFA03tQBjHBE9xbeRmhbbm/77ncFh2j2jJomEHzOlcBsv/R/OZuSgsFn9nWLb89v+5TZ3oH54FuZDlLc4XKZAdDOnwUtO40tgoQ8uyIJsv1KGDpartSUOjqAqADpsKjx56sWPzBnoZ2G+JyT0q2H1urs/4vsVJcbBAVTLupnKYcDXI6t5 root@ubuntu-bionic
-----END SSH HOST KEY KEYS-----
[   18.202237] cloud-init[1284]: Cloud-init v. 20.2-45-g5f7825e2-0ubuntu1~18.04.1 running 'modules:final' at Fri, 24 Jul 2020 04:23:04 +0000. Up 17.89 seconds.
[   18.204571] cloud-init[1284]: ci-info: no authorized SSH keys fingerprints found for user ubuntu.
[   18.205843] cloud-init[1284]: Cloud-init v. 20.2-45-g5f7825e2-0ubuntu1~18.04.1 finished at Fri, 24 Jul 2020 04:23:04 +0000. Datasource DataSourceNoCloud [seed=/dev/sdb][dsmode=net].  Up 18.19 seconds
[[0;32m  OK  [0m] Started Execute cloud user/final scripts.
[[0;32m  OK  [0m] Reached target Cloud-init target.

Ubuntu 18.04.4 LTS ubuntu-bionic ttyS0

ubuntu-bionic login: 